<?xml version="1.0" encoding="UTF-8"?>
<!-- Generated by org.testng.reporters.JUnitReportReporter -->
<testsuite skipped="0" hostname="SAHIL-PC" name="vtiger.OrganizationTests.CreateOrganizationTest" tests="1" failures="0" timestamp="2023-03-29T13:25:29 IST" time="320.710" errors="0">
  <testcase name="createOrganizationTest" time="320.710" classname="vtiger.OrganizationTests.CreateOrganizationTest"/>
  <system-out>
    <![CDATA[Click on Organizations link sucessfully
Click on Create Organization look up image sucessfully
Create organization with mandatory fields and save sucessfully]]>
  </system-out>
</testsuite> <!-- vtiger.OrganizationTests.CreateOrganizationTest -->
