<?xml version="1.0" encoding="UTF-8"?>
<!-- Generated by org.testng.reporters.JUnitReportReporter -->
<testsuite skipped="0" hostname="SAHIL-PC" name="vtiger.OrganizationTests.CreateOrganizationTest" tests="1" failures="0" timestamp="2023-03-22T13:24:31 IST" time="85.351" errors="0">
  <testcase name="regional" time="85.351" classname="vtiger.OrganizationTests.CreateOrganizationTest"/>
  <system-out/>
</testsuite> <!-- vtiger.OrganizationTests.CreateOrganizationTest -->
