<?xml version="1.0" encoding="UTF-8"?>
<!-- Generated by org.testng.reporters.JUnitReportReporter -->
<testsuite skipped="0" hostname="SAHIL-PC" name="practice.ReadDataFromCmdLine" tests="1" failures="0" timestamp="2023-03-20T19:42:44 IST" time="0.110" errors="0">
  <testcase name="readData" time="0.110" classname="practice.ReadDataFromCmdLine"/>
  <system-out/>
</testsuite> <!-- practice.ReadDataFromCmdLine -->
