<?xml version="1.0" encoding="UTF-8"?>
<!-- Generated by org.testng.reporters.JUnitReportReporter -->
<testsuite skipped="0" hostname="SAHIL-PC" name="vtiger.ContactsTests.createContactsTest" tests="1" failures="0" timestamp="2023-03-02T20:03:49 IST" time="216.707" errors="0">
  <testcase name="createContactsWithOrganizationTest" time="216.707" classname="vtiger.ContactsTests.createContactsTest"/>
  <system-out/>
</testsuite> <!-- vtiger.ContactsTests.createContactsTest -->
